2023-07-18 03:30:36,609{GMT}	INFO	[jepsen test runner] jepsen.core: Command line:
lein run test -w echo --bin target/debug/tempest --node-count 1 --time-limit 10
2023-07-18 03:30:36,789{GMT}	INFO	[jepsen test runner] jepsen.core: Running test:
{:args []
 :remote
 #jepsen.control.retry.Remote{:remote #jepsen.control.scp.Remote{:cmd-remote #jepsen.control.sshj.SSHJRemote{:concurrency-limit 6,
                                                                                                             :conn-spec nil,
                                                                                                             :client nil,
                                                                                                             :semaphore nil},
                                                                 :conn-spec nil},
                              :conn nil}
 :log-net-send false
 :node-count 1
 :availability nil
 :max-txn-length 4
 :concurrency 1
 :db
 #object[maelstrom.db$db$reify__16142
         "0x1dc47df3"
         "maelstrom.db$db$reify__16142@1dc47df3"]
 :max-writes-per-key 16
 :leave-db-running? false
 :name "echo"
 :logging-json? false
 :start-time
 #object[org.joda.time.DateTime "0x65c040c9" "2023-07-18T03:30:36.558+02:00"]
 :nemesis-interval 10
 :net
 #object[maelstrom.net$jepsen_net$reify__15251
         "0x11736ebc"
         "maelstrom.net$jepsen_net$reify__15251@11736ebc"]
 :client
 #object[maelstrom.workload.echo$client$reify__16863
         "0x4a03c4bc"
         "maelstrom.workload.echo$client$reify__16863@4a03c4bc"]
 :barrier
 #object[java.util.concurrent.CyclicBarrier
         "0x3d0c88f4"
         "java.util.concurrent.CyclicBarrier@3d0c88f4"]
 :log-stderr false
 :pure-generators true
 :ssh {:dummy? true}
 :rate 5
 :checker
 #object[jepsen.checker$compose$reify__11881
         "0x5aad4194"
         "jepsen.checker$compose$reify__11881@5aad4194"]
 :argv
 ("test"
  "-w"
  "echo"
  "--bin"
  "target/debug/tempest"
  "--node-count"
  "1"
  "--time-limit"
  "10")
 :nemesis
 (jepsen.nemesis.ReflCompose
  {:fm {:start-partition 0,
        :stop-partition 0,
        :kill 1,
        :start 1,
        :pause 1,
        :resume 1},
   :nemeses [#unprintable "jepsen.nemesis.combined$partition_nemesis$reify__16416@50a1c2f3"
             #unprintable "jepsen.nemesis.combined$db_nemesis$reify__16397@453ca7f"]})
 :nodes ["n0"]
 :test-count 1
 :latency {:mean 0, :dist :constant}
 :bin "target/debug/tempest"
 :generator
 (jepsen.generator.TimeLimit
  {:limit 10000000000,
   :cutoff nil,
   :gen (jepsen.generator.Any
         {:gens [(jepsen.generator.OnThreads
                  {:f #{:nemesis},
                   :context-filter #object[jepsen.generator.context$make_thread_filter$lazy_filter__9167
                                           "0x2459715c"
                                           "jepsen.generator.context$make_thread_filter$lazy_filter__9167@2459715c"],
                   :gen nil})
                 (jepsen.generator.OnThreads
                  {:f #jepsen.generator.context.AllBut{:element :nemesis},
                   :context-filter #object[jepsen.generator.context$make_thread_filter$lazy_filter__9167
                                           "0x401e36ab"
                                           "jepsen.generator.context$make_thread_filter$lazy_filter__9167@401e36ab"],
                   :gen (jepsen.generator.Stagger
                         {:dt 400000000,
                          :next-time nil,
                          :gen (jepsen.generator.EachThread
                                {:fresh-gen #object[maelstrom.workload.echo$workload$fn__16882
                                                    "0x4ce66169"
                                                    "maelstrom.workload.echo$workload$fn__16882@4ce66169"],
                                 :context-filters #object[clojure.core$promise$reify__8591
                                                          "0x53d0cf4d"
                                                          {:status :pending,
                                                           :val nil}],
                                 :gens {}})})})]})})
 :log-net-recv false
 :os
 #object[maelstrom.net$jepsen_os$reify__15254
         "0x3c6c87fa"
         "maelstrom.net$jepsen_os$reify__15254@3c6c87fa"]
 :time-limit 10
 :workload :echo
 :consistency-models [:strict-serializable]
 :topology :grid}

2023-07-18 03:30:44,052{GMT}	INFO	[jepsen node n0] maelstrom.net: Starting Maelstrom network
2023-07-18 03:30:44,056{GMT}	INFO	[jepsen test runner] jepsen.db: Tearing down DB
2023-07-18 03:30:44,061{GMT}	INFO	[jepsen test runner] jepsen.db: Setting up DB
2023-07-18 03:30:44,069{GMT}	INFO	[jepsen node n0] maelstrom.service: Starting services: (lin-kv lin-tso lww-kv seq-kv)
2023-07-18 03:30:44,073{GMT}	INFO	[jepsen node n0] maelstrom.db: Setting up n0
2023-07-18 03:30:44,075{GMT}	INFO	[jepsen node n0] maelstrom.process: launching target/debug/tempest []
2023-07-18 03:30:44,136{GMT}	INFO	[jepsen test runner] jepsen.core: Relative time begins now
2023-07-18 03:30:44,175{GMT}	INFO	[jepsen worker 0] jepsen.util: 0	:invoke	:echo	"Please echo 40"
2023-07-18 03:30:49,182{GMT}	INFO	[jepsen worker 0] jepsen.util: 0	:info	:echo	"Please echo 40"	:net-timeout
2023-07-18 03:30:49,185{GMT}	INFO	[jepsen worker 0] jepsen.util: 1	:invoke	:echo	"Please echo 40"
2023-07-18 03:30:54,188{GMT}	INFO	[jepsen worker 0] jepsen.util: 1	:info	:echo	"Please echo 40"	:net-timeout
2023-07-18 03:30:54,228{GMT}	INFO	[jepsen test runner] jepsen.core: Run complete, writing
2023-07-18 03:30:54,327{GMT}	INFO	[jepsen node n0] maelstrom.db: Tearing down n0
2023-07-18 03:30:56,080{GMT}	INFO	[jepsen node n0] maelstrom.net: Shutting down Maelstrom network
2023-07-18 03:30:56,082{GMT}	INFO	[jepsen test runner] jepsen.core: Analyzing...
2023-07-18 03:30:56,462{GMT}	INFO	[jepsen test runner] jepsen.core: Analysis complete
2023-07-18 03:30:56,491{GMT}	INFO	[jepsen results] jepsen.store: Wrote /home/navid/projects/tempest/store/echo/20230718T033036.558+0200/results.edn
2023-07-18 03:30:56,519{GMT}	INFO	[jepsen test runner] jepsen.core: {:perf {:latency-graph {:valid? true},
        :rate-graph {:valid? true},
        :valid? true},
 :timeline {:valid? true},
 :exceptions {:valid? true},
 :stats {:valid? false,
         :count 2,
         :ok-count 0,
         :fail-count 0,
         :info-count 2,
         :by-f {:echo {:valid? false,
                       :count 2,
                       :ok-count 0,
                       :fail-count 0,
                       :info-count 2}}},
 :availability {:valid? true, :ok-fraction 0.0},
 :net {:all {:send-count 4,
             :recv-count 4,
             :msg-count 4,
             :msgs-per-op 2.0},
       :clients {:send-count 4, :recv-count 4, :msg-count 4},
       :servers {:send-count 0,
                 :recv-count 0,
                 :msg-count 0,
                 :msgs-per-op 0.0},
       :valid? true},
 :workload {:valid? true, :errors ()},
 :valid? false}


Analysis invalid! (ﾉಥ益ಥ）ﾉ ┻━┻
